<?xml version="1.0" ?>
<coverage version="7.11.0" timestamp="1762458164806" lines-valid="1" lines-covered="1" line-rate="1" branches-valid="0" branches-covered="0" branch-rate="1" complexity="0">
	<!-- Generated by coverage.py: https://coverage.readthedocs.io/en/7.11.0 -->
	<!-- Based on https://raw.githubusercontent.com/cobertura/web/master/htdocs/xml/coverage-04.dtd -->
	<sources>
		<source>fastapi_backend</source>
	</sources>
	<packages>
		<package name="tests" line-rate="1" branch-rate="1" complexity="0">
			<classes>
				<class name="test_smoke.py" filename="tests/test_smoke.py" complexity="0" line-rate="1" branch-rate="1">
					<methods/>
					<lines>
						<line number="1" hits="1"/>
					</lines> 
				</class>
			</classes>
		</package>
	</packages>
</coverage>
